Determining if the pthread_create exist failed with the following output:
Change Dir: /home/iiitd/libhand/build/CMakeFiles/CMakeTmp

Run Build Command:"/usr/bin/make" "cmTC_9495c/fast"
/usr/bin/make -f CMakeFiles/cmTC_9495c.dir/build.make CMakeFiles/cmTC_9495c.dir/build
make[1]: Entering directory '/home/iiitd/libhand/build/CMakeFiles/CMakeTmp'
Building C object CMakeFiles/cmTC_9495c.dir/CheckSymbolExists.c.o
/usr/bin/cc     -o CMakeFiles/cmTC_9495c.dir/CheckSymbolExists.c.o   -c /home/iiitd/libhand/build/CMakeFiles/CMakeTmp/CheckSymbolExists.c
Linking C executable cmTC_9495c
/usr/bin/cmake -E cmake_link_script CMakeFiles/cmTC_9495c.dir/link.txt --verbose=1
/usr/bin/cc       CMakeFiles/cmTC_9495c.dir/CheckSymbolExists.c.o  -o cmTC_9495c -rdynamic 
CMakeFiles/cmTC_9495c.dir/CheckSymbolExists.c.o: In function `main':
CheckSymbolExists.c:(.text+0x16): undefined reference to `pthread_create'
collect2: error: ld returned 1 exit status
CMakeFiles/cmTC_9495c.dir/build.make:97: recipe for target 'cmTC_9495c' failed
make[1]: *** [cmTC_9495c] Error 1
make[1]: Leaving directory '/home/iiitd/libhand/build/CMakeFiles/CMakeTmp'
Makefile:126: recipe for target 'cmTC_9495c/fast' failed
make: *** [cmTC_9495c/fast] Error 2

File /home/iiitd/libhand/build/CMakeFiles/CMakeTmp/CheckSymbolExists.c:
/* */
#include <pthread.h>

int main(int argc, char** argv)
{
  (void)argv;
#ifndef pthread_create
  return ((int*)(&pthread_create))[argc];
#else
  (void)argc;
  return 0;
#endif
}

Determining if the function pthread_create exists in the pthreads failed with the following output:
Change Dir: /home/iiitd/libhand/build/CMakeFiles/CMakeTmp

Run Build Command:"/usr/bin/make" "cmTC_e561b/fast"
/usr/bin/make -f CMakeFiles/cmTC_e561b.dir/build.make CMakeFiles/cmTC_e561b.dir/build
make[1]: Entering directory '/home/iiitd/libhand/build/CMakeFiles/CMakeTmp'
Building C object CMakeFiles/cmTC_e561b.dir/CheckFunctionExists.c.o
/usr/bin/cc    -DCHECK_FUNCTION_EXISTS=pthread_create   -o CMakeFiles/cmTC_e561b.dir/CheckFunctionExists.c.o   -c /usr/share/cmake-3.5/Modules/CheckFunctionExists.c
Linking C executable cmTC_e561b
/usr/bin/cmake -E cmake_link_script CMakeFiles/cmTC_e561b.dir/link.txt --verbose=1
/usr/bin/cc   -DCHECK_FUNCTION_EXISTS=pthread_create    CMakeFiles/cmTC_e561b.dir/CheckFunctionExists.c.o  -o cmTC_e561b -rdynamic -lpthreads 
/usr/bin/ld: cannot find -lpthreads
collect2: error: ld returned 1 exit status
CMakeFiles/cmTC_e561b.dir/build.make:97: recipe for target 'cmTC_e561b' failed
make[1]: *** [cmTC_e561b] Error 1
make[1]: Leaving directory '/home/iiitd/libhand/build/CMakeFiles/CMakeTmp'
Makefile:126: recipe for target 'cmTC_e561b/fast' failed
make: *** [cmTC_e561b/fast] Error 2


